#! /c/Source/iverilog-install/bin/vvp
:ivl_version "12.0 (devel)" "(s20150603-1539-g2693dd32b)";
:ivl_delay_selection "TYPICAL";
:vpi_time_precision + 0;
:vpi_module "C:\iverilog\lib\ivl\system.vpi";
:vpi_module "C:\iverilog\lib\ivl\vhdl_sys.vpi";
:vpi_module "C:\iverilog\lib\ivl\vhdl_textio.vpi";
:vpi_module "C:\iverilog\lib\ivl\v2005_math.vpi";
:vpi_module "C:\iverilog\lib\ivl\va_math.vpi";
S_000001fb98cbec20 .scope module, "and_gate_assign_tb" "and_gate_assign_tb" 2 1;
 .timescale 0 0;
v000001fb98cbad80_0 .var "a", 0 0;
v000001fb98cbae20_0 .var "b", 0 0;
v000001fb98cbaec0_0 .net "c", 0 0, L_000001fb98cbaf60;  1 drivers
S_000001fb98cbedb0 .scope module, "and2" "and_gate_p" 2 4, 3 1 0, S_000001fb98cbec20;
 .timescale 0 0;
    .port_info 0 /OUTPUT 1 "c";
    .port_info 1 /INPUT 1 "a";
    .port_info 2 /INPUT 1 "b";
L_000001fb98cbaf60 .functor AND 1, v000001fb98cbad80_0, v000001fb98cbae20_0, C4<1>, C4<1>;
v000001fb98f04e80_0 .net "a", 0 0, v000001fb98cbad80_0;  1 drivers
v000001fb98cbac40_0 .net "b", 0 0, v000001fb98cbae20_0;  1 drivers
v000001fb98cbace0_0 .net "c", 0 0, L_000001fb98cbaf60;  alias, 1 drivers
    .scope S_000001fb98cbec20;
T_0 ;
    %vpi_call 2 9 "$dumpfile", "and_gate_assign_tb.vcd" {0 0 0};
    %vpi_call 2 10 "$dumpvars" {0 0 0};
    %pushi/vec4 0, 0, 1;
    %store/vec4 v000001fb98cbad80_0, 0, 1;
    %pushi/vec4 0, 0, 1;
    %store/vec4 v000001fb98cbae20_0, 0, 1;
    %delay 10, 0;
    %pushi/vec4 0, 0, 1;
    %store/vec4 v000001fb98cbad80_0, 0, 1;
    %pushi/vec4 1, 0, 1;
    %store/vec4 v000001fb98cbae20_0, 0, 1;
    %delay 10, 0;
    %pushi/vec4 1, 0, 1;
    %store/vec4 v000001fb98cbad80_0, 0, 1;
    %pushi/vec4 0, 0, 1;
    %store/vec4 v000001fb98cbae20_0, 0, 1;
    %delay 10, 0;
    %pushi/vec4 1, 0, 1;
    %store/vec4 v000001fb98cbad80_0, 0, 1;
    %pushi/vec4 1, 0, 1;
    %store/vec4 v000001fb98cbae20_0, 0, 1;
    %delay 10, 0;
    %vpi_call 2 17 "$finish" {0 0 0};
    %end;
    .thread T_0;
# The file index is used to find the file name in the following table.
:file_names 4;
    "N/A";
    "<interactive>";
    "and_gate_assign_tb.v";
    "and_gate_p.v";
